<?xml version="1.0" encoding="UTF-8"?>
<!-- Generated by org.testng.reporters.JUnitXMLReporter -->
<testsuite hostname="LAPTOP-BQPF0GOU" ignored="0" name="Test" tests="1" failures="0" timestamp="2021-10-30T22:59:14 EDT" time="0.074" errors="0">
  <testcase name="@BeforeMethod loginInfo" time="0.018" classname="paramizationExample.ParameterExample">
    <failure type="java.lang.NullPointerException">
      <![CDATA[java.lang.NullPointerException
at paramizationExample.ParameterExample.loginInfo(ParameterExample.java:21)
at java.util.ArrayList.forEach(ArrayList.java:1257)
... Removed 31 stack frames]]>
    </failure>
  </testcase> <!-- @BeforeMethod loginInfo -->
  <testcase name="@AfterMethod closeBrowser" time="-1.635649154658E9" classname="paramizationExample.ParameterExample">
    <skipped/>
  </testcase> <!-- @AfterMethod closeBrowser -->
  <testcase name="lead" time="0.0" classname="paramizationExample.CreateLead">
    <skipped/>
  </testcase> <!-- lead -->
</testsuite> <!-- Test -->
